<?xml version="1.0" encoding="UTF-8"?>
<!-- Generated by org.testng.reporters.JUnitReportReporter -->
<testsuite hostname="DESKTOP-QRHC3KD" failures="0" tests="3" name="com.archeyTypeMaven.practice.MavenArcheyType.TestCase" time="5.305" errors="0" timestamp="2022-05-27T09:47:43 IST" skipped="0">
  <testcase classname="com.archeyTypeMaven.practice.MavenArcheyType.TestCase" name="hello" time="0.002"/>
  <system-out/>
  <testcase classname="com.archeyTypeMaven.practice.MavenArcheyType.TestCase" name="getMethodName" time="0.001"/>
  <system-out/>
  <testcase classname="com.archeyTypeMaven.practice.MavenArcheyType.TestCase" name="openBowser" time="5.302"/>
  <system-out/>
</testsuite> <!-- com.archeyTypeMaven.practice.MavenArcheyType.TestCase -->
