<?xml version="1.0" encoding="UTF-8"?>
<!-- Generated by org.testng.reporters.JUnitReportReporter -->
<testsuite hostname="DESKTOP-QRHC3KD" failures="0" tests="2" name="com.archeyTypeMaven.practice.MavenArcheyType.FirstMavenProgram" time="0.015" errors="0" timestamp="2022-05-29T09:12:38 IST" skipped="0">
  <testcase classname="com.archeyTypeMaven.practice.MavenArcheyType.FirstMavenProgram" name="demo" time="0.011"/>
  <system-out/>
  <testcase classname="com.archeyTypeMaven.practice.MavenArcheyType.FirstMavenProgram" name="demo1" time="0.004"/>
  <system-out/>
</testsuite> <!-- com.archeyTypeMaven.practice.MavenArcheyType.FirstMavenProgram -->
